TN:
SF:src\config\index.js
FNF:0
FNH:0
DA:1,1
DA:2,1
DA:3,1
DA:4,1
DA:5,1
DA:6,1
DA:7,1
DA:8,1
DA:9,1
DA:10,1
DA:11,1
DA:12,1
DA:13,1
DA:14,1
DA:15,1
DA:16,1
DA:17,1
DA:18,1
DA:19,1
DA:20,1
DA:21,1
DA:22,1
DA:23,1
DA:24,1
DA:25,1
DA:26,1
DA:27,1
DA:28,1
DA:29,1
DA:30,1
DA:31,1
DA:32,1
DA:33,1
DA:34,1
DA:35,1
DA:36,1
DA:37,1
DA:38,1
DA:39,1
DA:40,1
DA:41,1
DA:42,1
DA:43,1
DA:44,1
DA:45,1
DA:46,1
DA:47,1
DA:48,1
DA:49,1
DA:50,1
DA:51,1
DA:52,1
DA:53,1
DA:54,1
DA:55,1
DA:56,1
DA:57,1
DA:58,1
DA:59,1
DA:60,1
DA:61,1
DA:62,1
LF:62
LH:62
BRDA:17,0,0,0
BRDA:18,1,0,0
BRDA:30,2,0,0
BRDA:31,3,0,0
BRDA:36,4,0,0
BRDA:37,5,0,0
BRDA:42,6,0,0
BRDA:43,7,0,0
BRDA:47,8,0,0
BRDA:51,9,0,0
BRDA:52,10,0,0
BRF:11
BRH:0
end_of_record
TN:
SF:src\controllers\airlineController.js
FN:5,getAirlines
FN:15,getRoutes
FNF:2
FNH:2
FNDA:2,getAirlines
FNDA:3,getRoutes
DA:1,1
DA:2,1
DA:3,1
DA:4,1
DA:5,2
DA:6,2
DA:7,2
DA:8,2
DA:9,0
DA:10,0
DA:11,0
DA:12,2
DA:13,1
DA:14,1
DA:15,3
DA:16,3
DA:17,3
DA:18,3
DA:19,0
DA:20,0
DA:21,0
DA:22,3
DA:23,1
DA:24,1
LF:24
LH:18
BRDA:5,0,0,2
BRDA:8,1,0,0
BRDA:15,2,0,3
BRDA:18,3,0,0
BRF:4
BRH:2
end_of_record
TN:
SF:src\controllers\authController.js
FN:16,login
FN:37,logout
FN:42,me
FNF:3
FNH:1
FNDA:3,login
FNDA:0,logout
FNDA:0,me
DA:1,1
DA:2,1
DA:3,1
DA:4,1
DA:5,1
DA:6,1
DA:7,1
DA:8,1
DA:9,1
DA:10,1
DA:11,1
DA:12,1
DA:13,1
DA:14,1
DA:15,1
DA:16,3
DA:17,3
DA:18,3
DA:19,3
DA:20,1
DA:21,1
DA:22,3
DA:23,3
DA:24,0
DA:25,0
DA:26,0
DA:27,0
DA:28,0
DA:29,0
DA:30,0
DA:31,0
DA:32,0
DA:33,0
DA:34,0
DA:35,3
DA:36,1
DA:37,0
DA:38,0
DA:39,0
DA:40,0
DA:41,1
DA:42,0
DA:43,0
DA:44,0
DA:45,1
DA:46,1
LF:46
LH:28
BRDA:16,0,0,3
BRDA:19,1,0,2
BRDA:19,2,0,2
BRDA:20,3,0,1
BRDA:22,4,0,0
BRDA:23,5,0,1
BRDA:23,6,0,1
BRDA:24,7,0,0
BRDA:20,8,0,1
BRF:9
BRH:7
end_of_record
TN:
SF:src\controllers\flightController.js
FN:4,esFechaValida
FN:11,getFechasValidas
FN:23,getDepartures
FN:56,getArrivals
FN:89,searchByLocation
FN:106,getFlightDetail
FNF:6
FNH:6
FNDA:3,esFechaValida
FNDA:2,getFechasValidas
FNDA:8,getDepartures
FNDA:3,getArrivals
FNDA:6,searchByLocation
FNDA:4,getFlightDetail
DA:1,1
DA:2,1
DA:3,1
DA:4,3
DA:5,3
DA:6,2
DA:7,2
DA:8,2
DA:9,1
DA:10,1
DA:11,2
DA:12,2
DA:13,2
DA:14,6
DA:15,6
DA:16,6
DA:17,6
DA:18,6
DA:19,6
DA:20,2
DA:21,2
DA:22,1
DA:23,8
DA:24,8
DA:25,8
DA:26,8
DA:27,8
DA:28,1
DA:29,1
DA:30,7
DA:31,8
DA:32,2
DA:33,2
DA:34,1
DA:35,1
DA:36,2
DA:37,6
DA:38,8
DA:39,1
DA:40,1
DA:41,5
DA:42,5
DA:43,5
DA:44,8
DA:45,8
DA:46,8
DA:47,8
DA:48,5
DA:49,5
DA:50,8
DA:51,0
DA:52,0
DA:53,0
DA:54,8
DA:55,1
DA:56,3
DA:57,3
DA:58,3
DA:59,3
DA:60,3
DA:61,0
DA:62,0
DA:63,3
DA:64,3
DA:65,0
DA:66,0
DA:67,0
DA:68,0
DA:69,0
DA:70,3
DA:71,3
DA:72,1
DA:73,1
DA:74,2
DA:75,2
DA:76,2
DA:77,3
DA:78,3
DA:79,3
DA:80,3
DA:81,2
DA:82,2
DA:83,3
DA:84,0
DA:85,0
DA:86,0
DA:87,3
DA:88,1
DA:89,6
DA:90,6
DA:91,6
DA:92,6
DA:93,2
DA:94,2
DA:95,6
DA:96,1
DA:97,1
DA:98,6
DA:99,6
DA:100,6
DA:101,0
DA:102,0
DA:103,0
DA:104,6
DA:105,1
DA:106,4
DA:107,4
DA:108,4
DA:109,4
DA:110,4
DA:111,4
DA:112,4
DA:113,1
DA:114,1
DA:115,3
DA:116,4
DA:117,1
DA:118,1
DA:119,2
DA:120,2
DA:121,4
DA:122,0
DA:123,0
DA:124,0
DA:125,4
DA:126,1
DA:127,1
LF:127
LH:108
BRDA:4,0,0,3
BRDA:5,1,0,1
BRDA:6,2,0,2
BRDA:11,3,0,2
BRDA:13,4,0,6
BRDA:23,5,0,8
BRDA:27,6,0,3
BRDA:27,7,0,1
BRDA:30,8,0,7
BRDA:31,9,0,2
BRDA:33,10,0,1
BRDA:37,11,0,6
BRDA:38,12,0,2
BRDA:38,13,0,1
BRDA:41,14,0,5
BRDA:45,15,0,5
BRDA:46,16,0,5
BRDA:48,17,0,5
BRDA:50,18,0,0
BRDA:56,19,0,3
BRDA:60,20,0,0
BRDA:60,21,0,0
BRDA:64,22,0,0
BRDA:71,23,0,1
BRDA:71,24,0,1
BRDA:74,25,0,2
BRDA:78,26,0,2
BRDA:79,27,0,2
BRDA:81,28,0,2
BRDA:83,29,0,0
BRDA:89,30,0,6
BRDA:92,31,0,5
BRDA:92,32,0,2
BRDA:95,33,0,4
BRDA:95,34,0,2
BRDA:95,35,0,1
BRDA:98,36,0,3
BRDA:98,37,0,2
BRDA:99,38,0,3
BRDA:99,39,0,2
BRDA:100,40,0,0
BRDA:106,41,0,4
BRDA:112,42,0,3
BRDA:112,43,0,1
BRDA:115,44,0,3
BRDA:116,45,0,1
BRDA:119,46,0,2
BRDA:121,47,0,0
BRF:48
BRH:41
end_of_record
TN:
SF:src\middleware\authMiddleware.js
FN:13,requireAuth
FN:33,requireAMW
FNF:2
FNH:0
FNDA:0,requireAuth
FNDA:0,requireAMW
DA:1,1
DA:2,1
DA:3,1
DA:4,1
DA:5,1
DA:6,1
DA:7,1
DA:8,1
DA:9,1
DA:10,1
DA:11,1
DA:12,1
DA:13,0
DA:14,0
DA:15,0
DA:16,0
DA:17,0
DA:18,0
DA:19,0
DA:20,0
DA:21,0
DA:22,0
DA:23,0
DA:24,0
DA:25,0
DA:26,0
DA:27,0
DA:28,0
DA:29,0
DA:30,0
DA:31,1
DA:32,1
DA:33,0
DA:34,0
DA:35,0
DA:36,0
DA:37,0
DA:38,0
DA:39,1
DA:40,1
LF:40
LH:16
BRF:0
BRH:0
end_of_record
TN:
SF:src\middleware\errorMiddleware.js
FN:16,notFoundHandler
FN:29,globalErrorHandler
FNF:2
FNH:1
FNDA:2,notFoundHandler
FNDA:0,globalErrorHandler
DA:1,1
DA:2,1
DA:3,1
DA:4,1
DA:5,1
DA:6,1
DA:7,1
DA:8,1
DA:9,1
DA:10,1
DA:11,1
DA:12,1
DA:13,1
DA:14,1
DA:15,1
DA:16,2
DA:17,2
DA:18,2
DA:19,2
DA:20,2
DA:21,2
DA:22,2
DA:23,1
DA:24,1
DA:25,1
DA:26,1
DA:27,1
DA:28,1
DA:29,0
DA:30,0
DA:31,0
DA:32,0
DA:33,0
DA:34,0
DA:35,0
DA:36,0
DA:37,0
DA:38,0
DA:39,0
DA:40,0
DA:41,0
DA:42,0
DA:43,0
DA:44,0
DA:45,1
DA:46,1
LF:46
LH:30
BRDA:16,0,0,2
BRF:1
BRH:1
end_of_record
TN:
SF:src\middleware\rateLimiter.js
FN:24,skip
FNF:1
FNH:1
FNDA:26,skip
DA:1,1
DA:2,1
DA:3,1
DA:4,1
DA:5,1
DA:6,1
DA:7,1
DA:8,1
DA:9,1
DA:10,1
DA:11,1
DA:12,1
DA:13,1
DA:14,1
DA:15,1
DA:16,1
DA:17,1
DA:18,1
DA:19,1
DA:20,1
DA:21,1
DA:22,1
DA:23,1
DA:24,1
DA:25,1
DA:26,1
DA:27,1
DA:28,1
DA:29,1
DA:30,1
DA:31,1
DA:32,1
DA:33,1
DA:34,1
DA:35,1
DA:36,1
DA:37,1
DA:38,1
DA:39,1
DA:40,1
DA:41,1
DA:42,1
DA:43,1
DA:44,1
DA:45,1
DA:46,1
DA:47,1
DA:48,1
DA:49,1
DA:50,1
LF:50
LH:50
BRDA:24,0,0,26
BRF:1
BRH:1
end_of_record
TN:
SF:src\routes\airlineRoutes.js
FNF:0
FNH:0
DA:1,1
DA:2,1
DA:3,1
DA:4,1
DA:5,1
DA:6,1
DA:7,1
DA:8,1
DA:9,1
DA:10,1
LF:10
LH:10
BRF:0
BRH:0
end_of_record
TN:
SF:src\routes\authRoutes.js
FNF:0
FNH:0
DA:1,1
DA:2,1
DA:3,1
DA:4,1
DA:5,1
DA:6,1
DA:7,1
DA:8,1
DA:9,1
DA:10,1
DA:11,1
LF:11
LH:11
BRF:0
BRH:0
end_of_record
TN:
SF:src\routes\flightRoutes.js
FNF:0
FNH:0
DA:1,1
DA:2,1
DA:3,1
DA:4,1
DA:5,1
DA:6,1
DA:7,1
DA:8,1
DA:9,1
DA:10,1
DA:11,1
DA:12,1
LF:12
LH:12
BRF:0
BRH:0
end_of_record
TN:
SF:src\routes\routeRoutes.js
FNF:0
FNH:0
DA:1,1
DA:2,1
DA:3,1
DA:4,1
DA:5,1
DA:6,1
DA:7,1
DA:8,1
DA:9,1
DA:10,1
DA:11,1
LF:11
LH:11
BRF:0
BRH:0
end_of_record
TN:
SF:src\services\flightAwareService.js
FN:7,esDomestico
FN:11,esUSA
FN:27,faClient.interceptors.response.use.s
FN:39,normalizarVuelo
FN:94,construirRango
FN:128,fechaLocal
FN:135,filtrar
FN:173,getDepartures
FN:183,getArrivals
FN:193,getFlightByCode
FN:204,getAirlines
FN:219,getRoutes
FN:221,searchByLocation
FNF:13
FNH:12
FNDA:11,esDomestico
FNDA:11,esUSA
FNDA:0,faClient.interceptors.response.use.s
FNDA:5,normalizarVuelo
FNDA:2,construirRango
FNDA:207,fechaLocal
FNDA:22,filtrar
FNDA:15,getDepartures
FNDA:7,getArrivals
FNDA:9,getFlightByCode
FNDA:3,getAirlines
FNDA:3,getRoutes
FNDA:8,searchByLocation
DA:1,3
DA:2,3
DA:3,3
DA:4,3
DA:5,3
DA:6,3
DA:7,11
DA:8,11
DA:9,3
DA:10,3
DA:11,8
DA:12,11
DA:13,6
DA:14,11
DA:15,8
DA:16,11
DA:17,11
DA:18,3
DA:19,3
DA:20,3
DA:21,3
DA:22,3
DA:23,3
DA:24,3
DA:25,3
DA:26,3
DA:27,3
DA:28,3
DA:29,0
DA:30,0
DA:31,0
DA:32,0
DA:33,0
DA:34,0
DA:35,0
DA:36,3
DA:37,3
DA:38,3
DA:39,5
DA:40,5
DA:41,5
DA:42,5
DA:43,5
DA:44,5
DA:45,5
DA:46,5
DA:47,5
DA:48,5
DA:49,5
DA:50,5
DA:51,5
DA:52,5
DA:53,5
DA:54,5
DA:55,5
DA:56,5
DA:57,5
DA:58,5
DA:59,5
DA:60,5
DA:61,5
DA:62,5
DA:63,5
DA:64,5
DA:65,5
DA:66,5
DA:67,5
DA:68,5
DA:69,5
DA:70,5
DA:71,5
DA:72,5
DA:73,5
DA:74,5
DA:75,5
DA:76,5
DA:77,5
DA:78,5
DA:79,5
DA:80,5
DA:81,5
DA:82,5
DA:83,5
DA:84,5
DA:85,5
DA:86,5
DA:87,5
DA:88,5
DA:89,5
DA:90,5
DA:91,5
DA:92,3
DA:93,3
DA:94,2
DA:95,2
DA:96,2
DA:97,2
DA:98,2
DA:99,2
DA:100,2
DA:101,2
DA:102,2
DA:103,2
DA:104,2
DA:105,2
DA:106,0
DA:107,0
DA:108,0
DA:109,0
DA:110,0
DA:111,0
DA:112,2
DA:113,2
DA:114,2
DA:115,2
DA:116,2
DA:117,2
DA:118,2
DA:119,2
DA:120,2
DA:121,2
DA:122,2
DA:123,2
DA:124,2
DA:125,2
DA:126,3
DA:127,3
DA:128,207
DA:129,207
DA:130,207
DA:131,207
DA:132,207
DA:133,3
DA:134,3
DA:135,22
DA:136,22
DA:137,22
DA:138,22
DA:139,22
DA:140,22
DA:141,66
DA:142,66
DA:143,66
DA:144,22
DA:145,22
DA:146,22
DA:147,207
DA:148,207
DA:149,207
DA:150,207
DA:151,207
DA:152,207
DA:153,175
DA:154,175
DA:155,207
DA:156,207
DA:157,131
DA:158,207
DA:159,120
DA:160,120
DA:161,207
DA:162,0
DA:163,0
DA:164,0
DA:165,0
DA:166,0
DA:167,120
DA:168,120
DA:169,22
DA:170,22
DA:171,3
DA:172,3
DA:173,15
DA:174,15
DA:175,0
DA:176,0
DA:177,0
DA:178,0
DA:179,0
DA:180,15
DA:181,15
DA:182,3
DA:183,7
DA:184,7
DA:185,0
DA:186,0
DA:187,0
DA:188,0
DA:189,0
DA:190,7
DA:191,7
DA:192,3
DA:193,9
DA:194,9
DA:195,9
DA:196,9
DA:197,9
DA:198,0
DA:199,9
DA:200,9
DA:201,0
DA:202,0
DA:203,3
DA:204,3
DA:205,3
DA:206,0
DA:207,0
DA:208,3
DA:209,3
DA:210,3
DA:211,0
DA:212,0
DA:213,0
DA:214,3
DA:215,3
DA:216,3
DA:217,3
DA:218,3
DA:219,3
DA:220,3
DA:221,8
DA:222,8
DA:223,8
DA:224,8
DA:225,78
DA:226,78
DA:227,78
DA:228,78
DA:229,8
DA:230,8
DA:231,3
DA:232,3
DA:233,3
DA:234,3
DA:235,3
DA:236,3
DA:237,3
LF:237
LH:201
BRDA:1,0,0,3
BRDA:7,1,0,11
BRDA:8,2,0,3
BRDA:8,3,0,3
BRDA:11,4,0,8
BRDA:16,5,0,5
BRDA:16,6,0,3
BRDA:16,7,0,2
BRDA:11,8,0,11
BRDA:12,9,0,5
BRDA:13,10,0,6
BRDA:14,11,0,2
BRDA:14,12,0,1
BRDA:14,13,0,1
BRDA:39,14,0,5
BRDA:40,15,0,3
BRDA:41,16,0,3
BRDA:43,17,0,3
BRDA:44,18,0,4
BRDA:44,19,0,4
BRDA:45,20,0,4
BRDA:49,21,0,4
BRDA:49,22,0,3
BRDA:50,23,0,3
BRDA:51,24,0,4
BRDA:52,25,0,4
BRDA:53,26,0,4
BRDA:56,27,0,3
BRDA:56,28,0,3
BRDA:57,29,0,4
BRDA:58,30,0,4
BRDA:59,31,0,4
BRDA:60,32,0,4
BRDA:63,33,0,2
BRDA:64,34,0,2
BRDA:65,35,0,3
BRDA:68,36,0,4
BRDA:69,37,0,4
BRDA:69,38,0,3
BRDA:74,39,0,4
BRDA:74,40,0,4
BRDA:80,41,0,4
BRDA:80,42,0,4
BRDA:81,43,0,4
BRDA:81,44,0,4
BRDA:82,45,0,4
BRDA:83,46,0,1
BRDA:83,47,0,4
BRDA:86,48,0,3
BRDA:94,49,0,2
BRDA:105,50,0,0
BRDA:128,51,0,207
BRDA:129,52,0,0
BRDA:135,53,0,22
BRDA:140,54,0,66
BRDA:146,55,0,207
BRDA:148,56,0,165
BRDA:148,57,0,42
BRDA:148,58,0,0
BRDA:149,59,0,165
BRDA:149,60,0,42
BRDA:151,61,0,0
BRDA:152,62,0,72
BRDA:152,63,0,32
BRDA:153,64,0,175
BRDA:155,65,0,61
BRDA:155,66,0,61
BRDA:155,67,0,30
BRDA:156,68,0,145
BRDA:156,69,0,17
BRDA:156,70,0,17
BRDA:156,71,0,14
BRDA:157,72,0,131
BRDA:158,73,0,11
BRDA:158,74,0,11
BRDA:159,75,0,120
BRDA:161,76,0,0
BRDA:167,77,0,120
BRDA:173,78,0,15
BRDA:175,79,0,0
BRDA:183,80,0,7
BRDA:185,81,0,0
BRDA:193,82,0,9
BRDA:196,83,0,2
BRDA:198,84,0,0
BRDA:200,85,0,0
BRDA:196,86,0,51
BRDA:204,87,0,3
BRDA:206,88,0,0
BRDA:215,89,0,0
BRDA:215,90,0,0
BRDA:216,91,0,0
BRDA:219,92,0,3
BRDA:221,93,0,8
BRDA:222,94,0,6
BRDA:222,95,0,2
BRDA:224,96,0,78
BRDA:225,97,0,66
BRDA:225,98,0,12
BRDA:226,99,0,77
BRDA:227,100,0,71
BRF:101
BRH:88
end_of_record
TN:
SF:src\utils\dateHelpers.js
FN:4,addDays
FN:13,toDateString
FN:22,toFlightAwareTimestamp
FN:29,getNextDays
FN:38,delayMinutes
FNF:5
FNH:4
FNDA:330,addDays
FNDA:35,toDateString
FNDA:0,toFlightAwareTimestamp
FNDA:6,getNextDays
FNDA:7,delayMinutes
DA:1,1
DA:2,1
DA:3,1
DA:4,330
DA:5,330
DA:6,330
DA:7,330
DA:8,330
DA:9,1
DA:10,1
DA:11,1
DA:12,1
DA:13,35
DA:14,35
DA:15,35
DA:16,35
DA:17,35
DA:18,35
DA:19,35
DA:20,1
DA:21,1
DA:22,0
DA:23,0
DA:24,0
DA:25,1
DA:26,1
DA:27,1
DA:28,1
DA:29,6
DA:30,6
DA:31,18
DA:32,6
DA:33,6
DA:34,1
DA:35,1
DA:36,1
DA:37,1
DA:38,7
DA:39,7
DA:40,4
DA:41,4
DA:42,4
DA:43,1
DA:44,1
DA:45,1
DA:46,1
DA:47,1
DA:48,1
DA:49,1
DA:50,1
LF:50
LH:47
BRDA:4,0,0,330
BRDA:13,1,0,35
BRDA:29,2,0,6
BRDA:30,3,0,18
BRDA:38,4,0,7
BRDA:39,5,0,5
BRDA:39,6,0,3
BRDA:40,7,0,4
BRF:8
BRH:8
end_of_record
TN:
SF:src\utils\responseHelpers.js
FN:1,success
FN:10,clientError
FN:19,serverError
FNF:3
FNH:3
FNDA:22,success
FNDA:18,clientError
FNDA:4,serverError
DA:1,22
DA:2,22
DA:3,22
DA:4,22
DA:5,22
DA:6,22
DA:7,22
DA:8,1
DA:9,1
DA:10,18
DA:11,18
DA:12,18
DA:13,18
DA:14,18
DA:15,18
DA:16,18
DA:17,1
DA:18,1
DA:19,4
DA:20,4
DA:21,4
DA:22,4
DA:23,4
DA:24,4
DA:25,4
DA:26,1
DA:27,1
LF:27
LH:27
BRDA:1,0,0,22
BRDA:10,1,0,18
BRDA:19,2,0,4
BRF:3
BRH:3
end_of_record
TN:
SF:src\utils\statusMapper.js
FN:12,calcularEstado
FN:30,isCancelled
FN:35,hasLanded
FN:39,isInFlight
FN:48,getStatusState
FN:56,getTimeBasedState
FNF:6
FNH:6
FNDA:5,calcularEstado
FNDA:5,isCancelled
FNDA:5,hasLanded
FNDA:5,isInFlight
FNDA:5,getStatusState
FNDA:5,getTimeBasedState
DA:1,3
DA:2,3
DA:3,3
DA:4,3
DA:5,3
DA:6,3
DA:7,3
DA:8,3
DA:9,3
DA:10,3
DA:11,3
DA:12,5
DA:13,5
DA:14,5
DA:15,5
DA:16,5
DA:17,5
DA:18,5
DA:19,5
DA:20,5
DA:21,5
DA:22,5
DA:23,5
DA:24,5
DA:25,5
DA:26,5
DA:27,5
DA:28,5
DA:29,3
DA:30,5
DA:31,5
DA:32,5
DA:33,5
DA:34,3
DA:35,5
DA:36,5
DA:37,5
DA:38,3
DA:39,5
DA:40,5
DA:41,1
DA:42,1
DA:43,1
DA:44,5
DA:45,5
DA:46,5
DA:47,3
DA:48,5
DA:49,5
DA:50,5
DA:51,5
DA:52,5
DA:53,5
DA:54,5
DA:55,3
DA:56,5
DA:57,5
DA:58,5
DA:59,2
DA:60,2
DA:61,2
DA:62,2
DA:63,0
DA:64,0
DA:65,0
DA:66,0
DA:67,5
DA:68,5
DA:69,0
DA:70,0
DA:71,0
DA:72,0
DA:73,0
DA:74,0
DA:75,3
DA:76,3
LF:76
LH:66
BRDA:1,0,0,3
BRDA:12,1,0,5
BRDA:13,2,0,0
BRDA:18,3,0,0
BRDA:19,4,0,0
BRDA:20,5,0,0
BRDA:24,6,0,0
BRDA:30,7,0,5
BRDA:35,8,0,5
BRDA:39,9,0,5
BRDA:40,10,0,4
BRDA:40,11,0,1
BRDA:42,12,0,0
BRDA:42,13,0,0
BRDA:44,14,0,4
BRDA:44,15,0,4
BRDA:48,16,0,5
BRDA:50,17,0,0
BRDA:51,18,0,0
BRDA:52,19,0,0
BRDA:56,20,0,5
BRDA:57,21,0,3
BRDA:58,22,0,3
BRDA:59,23,0,2
BRDA:63,24,0,0
BRDA:68,25,0,0
BRDA:68,26,0,0
BRDA:68,27,0,0
BRF:28
BRH:14
end_of_record
