TN:
SF:src\config\index.js
FNF:0
FNH:0
DA:12,2
DA:14,2
DA:57,2
DA:58,2
DA:59,2
DA:62,2
LF:6
LH:6
BRDA:17,0,0,2
BRDA:17,0,1,0
BRDA:18,1,0,2
BRDA:18,1,1,0
BRDA:30,2,0,2
BRDA:30,2,1,0
BRDA:31,3,0,2
BRDA:31,3,1,0
BRDA:36,4,0,2
BRDA:36,4,1,0
BRDA:37,5,0,2
BRDA:37,5,1,0
BRDA:42,6,0,2
BRDA:42,6,1,0
BRDA:43,7,0,2
BRDA:43,7,1,0
BRDA:47,8,0,2
BRDA:47,8,1,0
BRDA:51,9,0,2
BRDA:51,9,1,0
BRDA:52,10,0,2
BRDA:52,10,1,0
BRDA:57,11,0,2
BRDA:57,11,1,0
BRF:24
BRH:12
end_of_record
TN:
SF:src\controllers\airlineController.js
FN:4,getAirlines
FN:14,getRoutes
FNF:2
FNH:2
FNDA:3,getAirlines
FNDA:3,getRoutes
DA:1,1
DA:2,1
DA:5,3
DA:6,3
DA:7,3
DA:9,0
DA:10,0
DA:15,3
DA:16,3
DA:17,3
DA:19,0
DA:20,0
DA:24,1
LF:13
LH:9
BRF:0
BRH:0
end_of_record
TN:
SF:src\controllers\authController.js
FN:16,login
FN:20,(anonymous_1)
FN:37,logout
FN:42,me
FNF:4
FNH:2
FNDA:5,login
FNDA:2,(anonymous_1)
FNDA:0,logout
FNDA:0,me
DA:1,1
DA:2,1
DA:3,1
DA:4,1
DA:6,1
DA:17,5
DA:18,5
DA:19,5
DA:20,2
DA:21,2
DA:22,2
DA:23,2
DA:24,0
DA:29,0
DA:30,0
DA:32,0
DA:33,0
DA:38,0
DA:39,0
DA:43,0
DA:46,1
LF:21
LH:13
BRDA:19,0,0,3
BRDA:19,0,1,2
BRDA:19,1,0,5
BRDA:19,1,1,3
BRDA:22,2,0,1
BRDA:22,2,1,1
BRDA:23,3,0,2
BRDA:23,3,1,0
BRDA:23,4,0,2
BRDA:23,4,1,1
BRF:10
BRH:9
end_of_record
TN:
SF:src\controllers\flightController.js
FN:6,esFechaValida
FN:11,getDepartures
FN:31,getArrivals
FN:51,searchByLocation
FN:68,getFlightDetail
FNF:5
FNH:5
FNDA:3,esFechaValida
FNDA:11,getDepartures
FNDA:4,getArrivals
FNDA:7,searchByLocation
FNDA:5,getFlightDetail
DA:1,1
DA:2,1
DA:3,1
DA:7,3
DA:8,2
DA:12,11
DA:13,11
DA:14,11
DA:15,1
DA:17,10
DA:18,1
DA:20,9
DA:21,1
DA:23,8
DA:24,8
DA:26,0
DA:27,0
DA:32,4
DA:33,4
DA:34,4
DA:35,0
DA:37,4
DA:38,0
DA:40,4
DA:41,1
DA:43,3
DA:44,3
DA:46,0
DA:47,0
DA:52,7
DA:53,7
DA:54,7
DA:55,2
DA:57,5
DA:58,1
DA:60,4
DA:61,4
DA:63,0
DA:64,0
DA:69,5
DA:70,5
DA:71,5
DA:72,1
DA:74,4
DA:75,4
DA:76,3
DA:78,0
DA:79,0
DA:83,1
LF:49
LH:39
BRDA:7,0,0,1
BRDA:7,0,1,2
BRDA:14,1,0,1
BRDA:14,1,1,10
BRDA:14,2,0,11
BRDA:14,2,1,3
BRDA:17,3,0,1
BRDA:17,3,1,9
BRDA:17,4,0,10
BRDA:17,4,1,2
BRDA:20,5,0,1
BRDA:20,5,1,8
BRDA:20,6,0,9
BRDA:20,6,1,3
BRDA:34,7,0,0
BRDA:34,7,1,4
BRDA:34,8,0,4
BRDA:34,8,1,0
BRDA:37,9,0,0
BRDA:37,9,1,4
BRDA:37,10,0,4
BRDA:37,10,1,0
BRDA:40,11,0,1
BRDA:40,11,1,3
BRDA:40,12,0,4
BRDA:40,12,1,1
BRDA:54,13,0,2
BRDA:54,13,1,5
BRDA:54,14,0,7
BRDA:54,14,1,6
BRDA:57,15,0,1
BRDA:57,15,1,4
BRDA:57,16,0,5
BRDA:57,16,1,2
BRDA:60,17,0,4
BRDA:60,17,1,3
BRDA:61,18,0,4
BRDA:61,18,1,3
BRDA:71,19,0,1
BRDA:71,19,1,4
BRDA:71,20,0,5
BRDA:71,20,1,4
BRDA:75,21,0,1
BRDA:75,21,1,3
BRF:44
BRH:40
end_of_record
TN:
SF:src\middleware\authMiddleware.js
FN:25,requireAuth
FN:61,requireAMW
FNF:2
FNH:0
FNDA:0,requireAuth
FNDA:0,requireAMW
DA:16,1
DA:17,1
DA:18,1
DA:27,0
DA:29,0
DA:30,0
DA:34,0
DA:36,0
DA:38,0
DA:46,0
DA:47,0
DA:50,0
DA:51,0
DA:53,0
DA:62,0
DA:63,0
DA:65,0
DA:68,1
LF:18
LH:4
BRDA:29,0,0,0
BRDA:29,0,1,0
BRDA:29,1,0,0
BRDA:29,1,1,0
BRDA:50,2,0,0
BRDA:50,2,1,0
BRDA:62,3,0,0
BRDA:62,3,1,0
BRDA:62,4,0,0
BRDA:62,4,1,0
BRF:10
BRH:0
end_of_record
TN:
SF:src\middleware\errorMiddleware.js
FN:16,notFoundHandler
FN:29,globalErrorHandler
FNF:2
FNH:1
FNDA:2,notFoundHandler
FNDA:0,globalErrorHandler
DA:10,1
DA:17,2
DA:30,0
DA:32,0
DA:39,0
DA:40,0
DA:43,0
DA:46,1
LF:8
LH:3
BRDA:30,0,0,0
BRDA:30,0,1,0
BRDA:34,1,0,0
BRDA:34,1,1,0
BRDA:39,2,0,0
BRDA:39,2,1,0
BRDA:43,3,0,0
BRDA:43,3,1,0
BRF:8
BRH:0
end_of_record
TN:
SF:src\middleware\rateLimiter.js
FN:24,(anonymous_0)
FNF:1
FNH:1
FNDA:33,(anonymous_0)
DA:11,1
DA:12,1
DA:19,1
DA:24,33
DA:37,1
DA:50,1
LF:6
LH:6
BRF:0
BRH:0
end_of_record
TN:
SF:src\routes\airlineRoutes.js
FNF:0
FNH:0
DA:1,1
DA:2,1
DA:3,1
DA:4,1
DA:6,1
DA:7,1
DA:8,1
DA:10,1
LF:8
LH:8
BRF:0
BRH:0
end_of_record
TN:
SF:src\routes\authRoutes.js
FNF:0
FNH:0
DA:1,1
DA:2,1
DA:3,1
DA:4,1
DA:5,1
DA:7,1
DA:8,1
DA:9,1
DA:11,1
LF:9
LH:9
BRF:0
BRH:0
end_of_record
TN:
SF:src\routes\flightRoutes.js
FNF:0
FNH:0
DA:1,1
DA:2,1
DA:3,1
DA:4,1
DA:6,1
DA:7,1
DA:8,1
DA:9,1
DA:10,1
DA:12,1
LF:10
LH:10
BRF:0
BRH:0
end_of_record
TN:
SF:src\routes\routeRoutes.js
FNF:0
FNH:0
DA:3,1
DA:4,1
DA:5,1
DA:6,1
DA:8,1
DA:9,1
DA:11,1
LF:7
LH:7
BRF:0
BRH:0
end_of_record
TN:
SF:src\services\flightAwareService.js
FN:39,(anonymous_0)
FN:40,(anonymous_1)
FN:69,getDepartures
FN:95,(anonymous_3)
FN:106,getArrivals
FN:125,(anonymous_5)
FN:136,getFlightByCode
FN:142,(anonymous_7)
FN:159,getAirlines
FN:170,(anonymous_9)
FN:185,getRoutes
FN:193,searchByLocation
FN:197,(anonymous_12)
FN:219,normalizarVueloFlightAware
FN:258,traducirEstadoFlightAware
FN:280,filtrarVuelos
FN:286,(anonymous_16)
FNF:17
FNH:10
FNDA:0,(anonymous_0)
FNDA:0,(anonymous_1)
FNDA:19,getDepartures
FNDA:0,(anonymous_3)
FNDA:9,getArrivals
FNDA:0,(anonymous_5)
FNDA:9,getFlightByCode
FNDA:53,(anonymous_7)
FNDA:6,getAirlines
FNDA:0,(anonymous_9)
FNDA:6,getRoutes
FNDA:11,searchByLocation
FNDA:106,(anonymous_12)
FNDA:0,normalizarVueloFlightAware
FNDA:0,traducirEstadoFlightAware
FNDA:28,filtrarVuelos
FNDA:263,(anonymous_16)
DA:18,2
DA:19,2
DA:20,2
DA:21,2
DA:26,2
DA:38,2
DA:39,0
DA:41,0
DA:42,0
DA:45,0
DA:46,0
DA:47,0
DA:48,0
DA:50,0
DA:72,19
DA:74,19
DA:80,0
DA:95,0
DA:96,0
DA:99,0
DA:108,9
DA:109,9
DA:113,0
DA:125,0
DA:126,0
DA:129,0
DA:138,9
DA:140,9
DA:141,9
DA:142,53
DA:148,0
DA:149,0
DA:151,0
DA:153,0
DA:161,6
DA:162,6
DA:166,0
DA:170,0
DA:186,6
DA:194,11
DA:195,11
DA:197,11
DA:199,106
DA:200,106
DA:220,0
DA:259,0
DA:261,0
DA:273,0
DA:281,28
DA:284,28
DA:286,28
DA:288,263
DA:293,263
DA:296,66
DA:299,57
DA:302,48
DA:305,44
DA:306,6
DA:307,6
DA:310,38
DA:315,2
LF:61
LH:35
BRDA:42,0,0,0
BRDA:42,0,1,0
BRDA:45,1,0,0
BRDA:45,1,1,0
BRDA:46,2,0,0
BRDA:46,2,1,0
BRDA:47,3,0,0
BRDA:47,3,1,0
BRDA:48,4,0,0
BRDA:48,4,1,0
BRDA:69,5,0,0
BRDA:72,6,0,19
BRDA:72,6,1,0
BRDA:87,7,0,0
BRDA:87,7,1,0
BRDA:88,8,0,0
BRDA:88,8,1,0
BRDA:95,9,0,0
BRDA:95,9,1,0
BRDA:106,10,0,0
BRDA:108,11,0,9
BRDA:108,11,1,0
BRDA:119,12,0,0
BRDA:119,12,1,0
BRDA:120,13,0,0
BRDA:120,13,1,0
BRDA:125,14,0,0
BRDA:125,14,1,0
BRDA:138,15,0,9
BRDA:138,15,1,0
BRDA:141,16,0,9
BRDA:141,16,1,2
BRDA:149,17,0,0
BRDA:149,17,1,0
BRDA:151,18,0,0
BRDA:151,18,1,0
BRDA:161,19,0,6
BRDA:161,19,1,0
BRDA:170,20,0,0
BRDA:170,20,1,0
BRDA:171,21,0,0
BRDA:171,21,1,0
BRDA:193,22,0,1
BRDA:194,23,0,8
BRDA:194,23,1,3
BRDA:199,24,0,88
BRDA:199,24,1,18
BRDA:201,25,0,106
BRDA:201,25,1,104
BRDA:201,25,2,98
BRDA:221,26,0,0
BRDA:221,26,1,0
BRDA:222,27,0,0
BRDA:222,27,1,0
BRDA:240,28,0,0
BRDA:240,28,1,0
BRDA:240,28,2,0
BRDA:241,29,0,0
BRDA:241,29,1,0
BRDA:241,29,2,0
BRDA:242,30,0,0
BRDA:242,30,1,0
BRDA:259,31,0,0
BRDA:259,31,1,0
BRDA:273,32,0,0
BRDA:273,32,1,0
BRDA:289,33,0,209
BRDA:289,33,1,54
BRDA:293,34,0,197
BRDA:293,34,1,66
BRDA:296,35,0,9
BRDA:296,35,1,57
BRDA:296,36,0,66
BRDA:296,36,1,20
BRDA:299,37,0,9
BRDA:299,37,1,48
BRDA:299,38,0,57
BRDA:299,38,1,20
BRDA:299,38,2,18
BRDA:302,39,0,4
BRDA:302,39,1,44
BRDA:302,40,0,48
BRDA:302,40,1,4
BRDA:302,40,2,4
BRDA:305,41,0,6
BRDA:305,41,1,38
BRDA:307,42,0,6
BRDA:307,42,1,0
BRF:88
BRH:35
end_of_record
TN:
SF:src\utils\dateHelpers.js
FN:13,addDays
FN:23,toDateString
FN:34,getNextDays
FN:35,(anonymous_3)
FN:46,delayMinutes
FNF:5
FNH:5
FNDA:348,addDays
FNDA:385,toDateString
FNDA:36,getNextDays
FNDA:108,(anonymous_3)
FNDA:7,delayMinutes
DA:14,348
DA:15,348
DA:16,348
DA:24,385
DA:35,36
DA:36,108
DA:47,7
DA:48,4
DA:49,4
DA:52,4
LF:10
LH:10
BRDA:34,0,0,0
BRDA:47,1,0,3
BRDA:47,1,1,4
BRDA:47,2,0,7
BRDA:47,2,1,5
BRF:5
BRH:4
end_of_record
TN:
SF:src\utils\responseHelpers.js
FN:18,success
FN:30,clientError
FN:42,serverError
FNF:3
FNH:3
FNDA:29,success
FNDA:20,clientError
FNDA:4,serverError
DA:19,29
DA:31,20
DA:43,4
DA:50,2
LF:4
LH:4
BRDA:18,0,0,28
BRDA:30,1,0,4
BRDA:42,2,0,2
BRF:3
BRH:3
end_of_record
